WARNING: Invalid config file at line 68: Missing '='.
WARNING: Invalid config file at line 71: Missing '='.
WARNING: Invalid config file at line 74: Missing '='.
WARNING: No icon found in path: 'dialog-information'
polybar|notice:  Parsing config file: /home/akrit/.config/polybar/config.ini
polybar|notice:  Listening for IPC messages (PID: 843)
polybar|notice:  Loading module 'search' of type 'custom/text'
polybar|warn:  The config parameter `module/search.content` is deprecated, use `module/search.format` instead.
polybar|notice:  Loading module 'bspwm' of type 'internal/bspwm'
polybar|warn:  The config parameter `module/bspwm.label-active` is deprecated, use `module/bspwm.label-focused and label-dimmed-focused` instead.
polybar|notice:  Loading module 'date' of type 'internal/date'
polybar|notice:  Loading module 'wlan' of type 'internal/network'
polybar|notice:  Loading module 'pulseaudio' of type 'internal/pulseaudio'
polybar|notice:  pulseaudio: using default sink alsa_output.pci-0000_00_1f.3.analog-stereo
polybar|notice:  Loading module 'battery' of type 'internal/battery'
polybar|notice:  Loading module 'session' of type 'custom/text'
polybar|warn:  The config parameter `module/session.content` is deprecated, use `module/session.format` instead.
polybar|notice:  Loaded 7 modules
polybar|notice:  Loaded font "FiraCode Nerd Font Mono:size=12" (name=FiraCode Nerd Font Mono, offset=2, file=/usr/share/fonts/TTF/FiraCodeNerdFontMono-Regular.ttf)
polybar|notice:  Loaded font "Font Awesome:size=14" (name=Nimbus Sans, offset=4, file=/usr/share/fonts/gsfonts/NimbusSans-Regular.otf)
polybar|notice:  Loaded font "FiraCode Nerd Font Mono:size=19" (name=FiraCode Nerd Font Mono, offset=3, file=/usr/share/fonts/TTF/FiraCodeNerdFontMono-Regular.ttf)
polybar|notice:  Loaded font "FiraCode Nerd Font Mono:size=19" (name=FiraCode Nerd Font Mono, offset=2, file=/usr/share/fonts/TTF/FiraCodeNerdFontMono-Regular.ttf)
polybar|notice:  Loaded font "FiraCode Nerd Font Mono:size=12" (name=FiraCode Nerd Font Mono, offset=1, file=/usr/share/fonts/TTF/FiraCodeNerdFontMono-Regular.ttf)
polybar|notice:  Received signal(15): Terminated
polybar|notice:  Termination signal received, shutting down...
WARNING: Invalid config file at line 68: Missing '='.
WARNING: Invalid config file at line 71: Missing '='.
WARNING: Invalid config file at line 74: Missing '='.
WARNING: No icon found in path: 'dialog-information'
polybar|notice:  Parsing config file: /home/akrit/.config/polybar/config.ini
polybar|notice:  Listening for IPC messages (PID: 885)
polybar|notice:  Loading module 'search' of type 'custom/text'
polybar|warn:  The config parameter `module/search.content` is deprecated, use `module/search.format` instead.
polybar|notice:  Loading module 'bspwm' of type 'internal/bspwm'
polybar|warn:  The config parameter `module/bspwm.label-active` is deprecated, use `module/bspwm.label-focused and label-dimmed-focused` instead.
polybar|notice:  Loading module 'date' of type 'internal/date'
polybar|notice:  Loading module 'wlan' of type 'internal/network'
polybar|notice:  Loading module 'pulseaudio' of type 'internal/pulseaudio'
polybar|notice:  pulseaudio: using default sink alsa_output.pci-0000_00_1f.3.analog-stereo
polybar|notice:  Loading module 'battery' of type 'internal/battery'
polybar|notice:  Loading module 'session' of type 'custom/text'
polybar|warn:  The config parameter `module/session.content` is deprecated, use `module/session.format` instead.
polybar|notice:  Loaded 7 modules
polybar|notice:  Loaded font "FiraCode Nerd Font Mono:size=12" (name=FiraCode Nerd Font Mono, offset=2, file=/usr/share/fonts/TTF/FiraCodeNerdFontMono-Regular.ttf)
polybar|notice:  Loaded font "Font Awesome:size=14" (name=Nimbus Sans, offset=4, file=/usr/share/fonts/gsfonts/NimbusSans-Regular.otf)
polybar|notice:  Loaded font "FiraCode Nerd Font Mono:size=19" (name=FiraCode Nerd Font Mono, offset=3, file=/usr/share/fonts/TTF/FiraCodeNerdFontMono-Regular.ttf)
polybar|notice:  Loaded font "FiraCode Nerd Font Mono:size=19" (name=FiraCode Nerd Font Mono, offset=2, file=/usr/share/fonts/TTF/FiraCodeNerdFontMono-Regular.ttf)
polybar|notice:  Loaded font "FiraCode Nerd Font Mono:size=12" (name=FiraCode Nerd Font Mono, offset=1, file=/usr/share/fonts/TTF/FiraCodeNerdFontMono-Regular.ttf)
WARNING: No icon found in path: 'dialog-information'
polybar|notice:  Received signal(15): Terminated
polybar|notice:  Termination signal received, shutting down...
WARNING: Invalid config file at line 68: Missing '='.
WARNING: Invalid config file at line 71: Missing '='.
WARNING: Invalid config file at line 74: Missing '='.
WARNING: No icon found in path: 'dialog-information'
polybar|notice:  Parsing config file: /home/akrit/.config/polybar/config.ini
polybar|notice:  Listening for IPC messages (PID: 1285)
polybar|notice:  Loading module 'search' of type 'custom/text'
polybar|warn:  The config parameter `module/search.content` is deprecated, use `module/search.format` instead.
polybar|notice:  Loading module 'bspwm' of type 'internal/bspwm'
polybar|warn:  The config parameter `module/bspwm.label-active` is deprecated, use `module/bspwm.label-focused and label-dimmed-focused` instead.
polybar|notice:  Loading module 'date' of type 'internal/date'
polybar|notice:  Loading module 'wlan' of type 'internal/network'
polybar|notice:  Loading module 'pulseaudio' of type 'internal/pulseaudio'
polybar|notice:  pulseaudio: using default sink alsa_output.pci-0000_00_1f.3.analog-stereo
polybar|notice:  Loading module 'battery' of type 'internal/battery'
polybar|notice:  Loading module 'session' of type 'custom/text'
polybar|warn:  The config parameter `module/session.content` is deprecated, use `module/session.format` instead.
polybar|notice:  Loaded 7 modules
polybar|notice:  Loaded font "FiraCode Nerd Font Mono:size=12" (name=FiraCode Nerd Font Mono, offset=2, file=/usr/share/fonts/TTF/FiraCodeNerdFontMono-Regular.ttf)
polybar|notice:  Loaded font "Font Awesome:size=14" (name=Nimbus Sans, offset=4, file=/usr/share/fonts/gsfonts/NimbusSans-Regular.otf)
polybar|notice:  Loaded font "FiraCode Nerd Font Mono:size=19" (name=FiraCode Nerd Font Mono, offset=3, file=/usr/share/fonts/TTF/FiraCodeNerdFontMono-Regular.ttf)
polybar|notice:  Loaded font "FiraCode Nerd Font Mono:size=19" (name=FiraCode Nerd Font Mono, offset=2, file=/usr/share/fonts/TTF/FiraCodeNerdFontMono-Regular.ttf)
polybar|notice:  Loaded font "FiraCode Nerd Font Mono:size=12" (name=FiraCode Nerd Font Mono, offset=1, file=/usr/share/fonts/TTF/FiraCodeNerdFontMono-Regular.ttf)
WARNING: No icon found in path: 'dialog-information'
WARNING: No icon found in path: 'dialog-information'
WARNING: No icon found in path: 'dialog-information'
WARNING: No icon found in path: 'dialog-information'
WARNING: No icon found in path: 'dialog-information'
WARNING: No icon found in path: 'dialog-information'
WARNING: No icon found in path: 'dialog-information'
polybar|notice:  Received signal(15): Terminated
polybar|notice:  Termination signal received, shutting down...
XIO:  fatal IO error 11 (Resource temporarily unavailable) on X server ":0"
      after 2382 requests (2382 known processed) with 0 events remaining.
WARNING: Invalid config file at line 68: Missing '='.
WARNING: Invalid config file at line 71: Missing '='.
WARNING: Invalid config file at line 74: Missing '='.
polybar|notice:  Parsing config file: /home/akrit/.config/polybar/config.ini
polybar|notice:  Listening for IPC messages (PID: 660)
polybar|notice:  Loading module 'search' of type 'custom/text'
polybar|warn:  The config parameter `module/search.content` is deprecated, use `module/search.format` instead.
polybar|notice:  Loading module 'bspwm' of type 'internal/bspwm'
polybar|warn:  The config parameter `module/bspwm.label-active` is deprecated, use `module/bspwm.label-focused and label-dimmed-focused` instead.
polybar|notice:  Loading module 'date' of type 'internal/date'
polybar|notice:  Loading module 'wlan' of type 'internal/network'
polybar|notice:  Loading module 'pulseaudio' of type 'internal/pulseaudio'
WARNING: No icon found in path: 'dialog-information'
polybar|notice:  pulseaudio: using default sink alsa_output.pci-0000_00_1f.3.analog-stereo
polybar|notice:  Loading module 'battery' of type 'internal/battery'
polybar|notice:  Loading module 'session' of type 'custom/text'
polybar|warn:  The config parameter `module/session.content` is deprecated, use `module/session.format` instead.
polybar|notice:  Loaded 7 modules
polybar|notice:  Loaded font "FiraCode Nerd Font Mono:size=12" (name=FiraCode Nerd Font Mono, offset=2, file=/usr/share/fonts/TTF/FiraCodeNerdFontMono-Regular.ttf)
polybar|notice:  Loaded font "Font Awesome:size=14" (name=Nimbus Sans, offset=4, file=/usr/share/fonts/gsfonts/NimbusSans-Regular.otf)
polybar|notice:  Loaded font "FiraCode Nerd Font Mono:size=19" (name=FiraCode Nerd Font Mono, offset=3, file=/usr/share/fonts/TTF/FiraCodeNerdFontMono-Regular.ttf)
polybar|notice:  Loaded font "FiraCode Nerd Font Mono:size=19" (name=FiraCode Nerd Font Mono, offset=2, file=/usr/share/fonts/TTF/FiraCodeNerdFontMono-Regular.ttf)
polybar|notice:  Loaded font "FiraCode Nerd Font Mono:size=12" (name=FiraCode Nerd Font Mono, offset=1, file=/usr/share/fonts/TTF/FiraCodeNerdFontMono-Regular.ttf)
polybar|notice:  Received signal(15): Terminated
polybar|notice:  Termination signal received, shutting down...
X connection to :0 broken (explicit kill or server shutdown).
WARNING: Invalid config file at line 68: Missing '='.
WARNING: Invalid config file at line 71: Missing '='.
WARNING: Invalid config file at line 74: Missing '='.
polybar|notice:  Parsing config file: /home/akrit/.config/polybar/config.ini
polybar|notice:  Listening for IPC messages (PID: 686)
polybar|notice:  Loading module 'search' of type 'custom/text'
polybar|warn:  The config parameter `module/search.content` is deprecated, use `module/search.format` instead.
polybar|notice:  Loading module 'bspwm' of type 'internal/bspwm'
polybar|warn:  The config parameter `module/bspwm.label-active` is deprecated, use `module/bspwm.label-focused and label-dimmed-focused` instead.
polybar|notice:  Loading module 'date' of type 'internal/date'
polybar|notice:  Loading module 'wlan' of type 'internal/network'
polybar|notice:  Loading module 'pulseaudio' of type 'internal/pulseaudio'
polybar|notice:  pulseaudio: using default sink alsa_output.pci-0000_00_1f.3.analog-stereo
polybar|notice:  Loading module 'battery' of type 'internal/battery'
polybar|notice:  Loading module 'session' of type 'custom/text'
polybar|warn:  The config parameter `module/session.content` is deprecated, use `module/session.format` instead.
polybar|notice:  Loaded 7 modules
WARNING: No icon found in path: 'dialog-information'
polybar|notice:  Loaded font "FiraCode Nerd Font Mono:size=12" (name=FiraCode Nerd Font Mono, offset=2, file=/usr/share/fonts/TTF/FiraCodeNerdFontMono-Regular.ttf)
polybar|notice:  Loaded font "Font Awesome:size=14" (name=Nimbus Sans, offset=4, file=/usr/share/fonts/gsfonts/NimbusSans-Regular.otf)
polybar|notice:  Loaded font "FiraCode Nerd Font Mono:size=19" (name=FiraCode Nerd Font Mono, offset=3, file=/usr/share/fonts/TTF/FiraCodeNerdFontMono-Regular.ttf)
polybar|notice:  Loaded font "FiraCode Nerd Font Mono:size=19" (name=FiraCode Nerd Font Mono, offset=2, file=/usr/share/fonts/TTF/FiraCodeNerdFontMono-Regular.ttf)
polybar|notice:  Loaded font "FiraCode Nerd Font Mono:size=12" (name=FiraCode Nerd Font Mono, offset=1, file=/usr/share/fonts/TTF/FiraCodeNerdFontMono-Regular.ttf)
polybar|notice:  Received signal(15): Terminated
polybar|notice:  Termination signal received, shutting down...
WARNING: Invalid config file at line 68: Missing '='.
WARNING: Invalid config file at line 71: Missing '='.
WARNING: Invalid config file at line 74: Missing '='.
polybar|notice:  Parsing config file: /home/akrit/.config/polybar/config.ini
polybar|notice:  Listening for IPC messages (PID: 859)
WARNING: No icon found in path: 'dialog-information'
polybar|notice:  Loading module 'search' of type 'custom/text'
polybar|warn:  The config parameter `module/search.content` is deprecated, use `module/search.format` instead.
polybar|notice:  Loading module 'bspwm' of type 'internal/bspwm'
polybar|warn:  The config parameter `module/bspwm.label-active` is deprecated, use `module/bspwm.label-focused and label-dimmed-focused` instead.
polybar|notice:  Loading module 'date' of type 'internal/date'
polybar|notice:  Loading module 'wlan' of type 'internal/network'
polybar|notice:  Loading module 'pulseaudio' of type 'internal/pulseaudio'
polybar|notice:  pulseaudio: using default sink alsa_output.pci-0000_00_1f.3.analog-stereo
polybar|notice:  Loading module 'battery' of type 'internal/battery'
polybar|notice:  Loading module 'session' of type 'custom/text'
polybar|warn:  The config parameter `module/session.content` is deprecated, use `module/session.format` instead.
polybar|notice:  Loaded 7 modules
polybar|notice:  Loaded font "FiraCode Nerd Font Mono:size=12" (name=FiraCode Nerd Font Mono, offset=2, file=/usr/share/fonts/TTF/FiraCodeNerdFontMono-Regular.ttf)
polybar|notice:  Loaded font "Font Awesome:size=14" (name=Nimbus Sans, offset=4, file=/usr/share/fonts/gsfonts/NimbusSans-Regular.otf)
polybar|notice:  Loaded font "FiraCode Nerd Font Mono:size=19" (name=FiraCode Nerd Font Mono, offset=3, file=/usr/share/fonts/TTF/FiraCodeNerdFontMono-Regular.ttf)
polybar|notice:  Loaded font "FiraCode Nerd Font Mono:size=19" (name=FiraCode Nerd Font Mono, offset=2, file=/usr/share/fonts/TTF/FiraCodeNerdFontMono-Regular.ttf)
polybar|notice:  Loaded font "FiraCode Nerd Font Mono:size=12" (name=FiraCode Nerd Font Mono, offset=1, file=/usr/share/fonts/TTF/FiraCodeNerdFontMono-Regular.ttf)
WARNING: No icon found in path: 'dialog-information'
polybar|notice:  Received signal(15): Terminated
polybar|notice:  Termination signal received, shutting down...
WARNING: Invalid config file at line 68: Missing '='.
WARNING: Invalid config file at line 71: Missing '='.
WARNING: Invalid config file at line 74: Missing '='.
polybar|notice:  Parsing config file: /home/akrit/.config/polybar/config.ini
polybar|notice:  Listening for IPC messages (PID: 2962)
WARNING: No icon found in path: 'dialog-information'
polybar|notice:  Loading module 'search' of type 'custom/text'
polybar|warn:  The config parameter `module/search.content` is deprecated, use `module/search.format` instead.
polybar|notice:  Loading module 'bspwm' of type 'internal/bspwm'
polybar|warn:  The config parameter `module/bspwm.label-active` is deprecated, use `module/bspwm.label-focused and label-dimmed-focused` instead.
polybar|notice:  Loading module 'date' of type 'internal/date'
polybar|notice:  Loading module 'wlan' of type 'internal/network'
polybar|notice:  Loading module 'pulseaudio' of type 'internal/pulseaudio'
polybar|notice:  pulseaudio: using default sink alsa_output.pci-0000_00_1f.3.analog-stereo
polybar|notice:  Loading module 'battery' of type 'internal/battery'
polybar|notice:  Loading module 'session' of type 'custom/text'
polybar|warn:  The config parameter `module/session.content` is deprecated, use `module/session.format` instead.
polybar|notice:  Loaded 7 modules
polybar|notice:  Loaded font "FiraCode Nerd Font Mono:size=12" (name=FiraCode Nerd Font Mono, offset=2, file=/usr/share/fonts/TTF/FiraCodeNerdFontMono-Regular.ttf)
polybar|notice:  Loaded font "Font Awesome:size=14" (name=Nimbus Sans, offset=4, file=/usr/share/fonts/gsfonts/NimbusSans-Regular.otf)
polybar|notice:  Loaded font "FiraCode Nerd Font Mono:size=19" (name=FiraCode Nerd Font Mono, offset=3, file=/usr/share/fonts/TTF/FiraCodeNerdFontMono-Regular.ttf)
polybar|notice:  Loaded font "FiraCode Nerd Font Mono:size=19" (name=FiraCode Nerd Font Mono, offset=2, file=/usr/share/fonts/TTF/FiraCodeNerdFontMono-Regular.ttf)
polybar|notice:  Loaded font "FiraCode Nerd Font Mono:size=12" (name=FiraCode Nerd Font Mono, offset=1, file=/usr/share/fonts/TTF/FiraCodeNerdFontMono-Regular.ttf)
WARNING: No icon found in path: 'dialog-information'
WARNING: No icon found in path: 'dialog-information'
WARNING: No icon found in path: 'dialog-information'
WARNING: No icon found in path: 'dialog-information'
polybar|notice:  Received signal(15): Terminated
polybar|notice:  Termination signal received, shutting down...
XIO:  fatal IO error 11 (Resource temporarily unavailable) on X server ":0"
      after 3558 requests (3558 known processed) with 0 events remaining.
WARNING: Invalid config file at line 68: Missing '='.
polybar|notice:  Parsing config file: /home/akrit/.config/polybar/config.ini
WARNING: Invalid config file at line 71: Missing '='.
WARNING: Invalid config file at line 74: Missing '='.
polybar|notice:  Listening for IPC messages (PID: 796)
polybar|notice:  Loading module 'search' of type 'custom/text'
polybar|warn:  The config parameter `module/search.content` is deprecated, use `module/search.format` instead.
polybar|notice:  Loading module 'bspwm' of type 'internal/bspwm'
polybar|warn:  The config parameter `module/bspwm.label-active` is deprecated, use `module/bspwm.label-focused and label-dimmed-focused` instead.
polybar|notice:  Loading module 'date' of type 'internal/date'
polybar|notice:  Loading module 'wlan' of type 'internal/network'
polybar|notice:  Loading module 'pulseaudio' of type 'internal/pulseaudio'
polybar|notice:  pulseaudio: using default sink alsa_output.pci-0000_00_1f.3.analog-stereo
polybar|notice:  Loading module 'battery' of type 'internal/battery'
polybar|notice:  Loading module 'session' of type 'custom/text'
polybar|warn:  The config parameter `module/session.content` is deprecated, use `module/session.format` instead.
polybar|notice:  Loaded 7 modules
WARNING: No icon found in path: 'dialog-information'
polybar|notice:  Loaded font "FiraCode Nerd Font Mono:size=12" (name=FiraCode Nerd Font Mono, offset=2, file=/usr/share/fonts/TTF/FiraCodeNerdFontMono-Regular.ttf)
polybar|notice:  Loaded font "Font Awesome:size=14" (name=Nimbus Sans, offset=4, file=/usr/share/fonts/gsfonts/NimbusSans-Regular.otf)
polybar|notice:  Loaded font "FiraCode Nerd Font Mono:size=19" (name=FiraCode Nerd Font Mono, offset=3, file=/usr/share/fonts/TTF/FiraCodeNerdFontMono-Regular.ttf)
polybar|notice:  Loaded font "FiraCode Nerd Font Mono:size=19" (name=FiraCode Nerd Font Mono, offset=2, file=/usr/share/fonts/TTF/FiraCodeNerdFontMono-Regular.ttf)
polybar|notice:  Loaded font "FiraCode Nerd Font Mono:size=12" (name=FiraCode Nerd Font Mono, offset=1, file=/usr/share/fonts/TTF/FiraCodeNerdFontMono-Regular.ttf)
WARNING: No icon found in path: 'dialog-information'
polybar|notice:  Received signal(15): Terminated
polybar|notice:  Termination signal received, shutting down...
WARNING: Invalid config file at line 68: Missing '='.
WARNING: Invalid config file at line 71: Missing '='.
WARNING: Invalid config file at line 74: Missing '='.
WARNING: No icon found in path: 'dialog-information'
polybar|notice:  Parsing config file: /home/akrit/.config/polybar/config.ini
polybar|notice:  Listening for IPC messages (PID: 1119)
polybar|notice:  Loading module 'search' of type 'custom/text'
polybar|warn:  The config parameter `module/search.content` is deprecated, use `module/search.format` instead.
polybar|notice:  Loading module 'bspwm' of type 'internal/bspwm'
polybar|warn:  The config parameter `module/bspwm.label-active` is deprecated, use `module/bspwm.label-focused and label-dimmed-focused` instead.
polybar|notice:  Loading module 'date' of type 'internal/date'
polybar|notice:  Loading module 'wlan' of type 'internal/network'
polybar|notice:  Loading module 'pulseaudio' of type 'internal/pulseaudio'
polybar|notice:  pulseaudio: using default sink alsa_output.pci-0000_00_1f.3.analog-stereo
polybar|notice:  Loading module 'battery' of type 'internal/battery'
polybar|notice:  Loading module 'session' of type 'custom/text'
polybar|warn:  The config parameter `module/session.content` is deprecated, use `module/session.format` instead.
polybar|notice:  Loaded 7 modules
polybar|notice:  Loaded font "FiraCode Nerd Font Mono:size=12" (name=FiraCode Nerd Font Mono, offset=2, file=/usr/share/fonts/TTF/FiraCodeNerdFontMono-Regular.ttf)
polybar|notice:  Loaded font "Font Awesome:size=14" (name=Nimbus Sans, offset=4, file=/usr/share/fonts/gsfonts/NimbusSans-Regular.otf)
polybar|notice:  Loaded font "FiraCode Nerd Font Mono:size=19" (name=FiraCode Nerd Font Mono, offset=3, file=/usr/share/fonts/TTF/FiraCodeNerdFontMono-Regular.ttf)
polybar|notice:  Loaded font "FiraCode Nerd Font Mono:size=19" (name=FiraCode Nerd Font Mono, offset=2, file=/usr/share/fonts/TTF/FiraCodeNerdFontMono-Regular.ttf)
polybar|notice:  Loaded font "FiraCode Nerd Font Mono:size=12" (name=FiraCode Nerd Font Mono, offset=1, file=/usr/share/fonts/TTF/FiraCodeNerdFontMono-Regular.ttf)
WARNING: No icon found in path: 'dialog-information'
polybar|notice:  Received signal(15): Terminated
polybar|notice:  Termination signal received, shutting down...
WARNING: Invalid config file at line 68: Missing '='.
WARNING: Invalid config file at line 71: Missing '='.
WARNING: Invalid config file at line 74: Missing '='.
WARNING: No icon found in path: 'dialog-information'
polybar|notice:  Parsing config file: /home/akrit/.config/polybar/config.ini
polybar|notice:  Listening for IPC messages (PID: 1482)
polybar|notice:  Loading module 'search' of type 'custom/text'
polybar|warn:  The config parameter `module/search.content` is deprecated, use `module/search.format` instead.
polybar|notice:  Loading module 'bspwm' of type 'internal/bspwm'
polybar|warn:  The config parameter `module/bspwm.label-active` is deprecated, use `module/bspwm.label-focused and label-dimmed-focused` instead.
polybar|notice:  Loading module 'date' of type 'internal/date'
polybar|notice:  Loading module 'wlan' of type 'internal/network'
polybar|notice:  Loading module 'pulseaudio' of type 'internal/pulseaudio'
polybar|notice:  pulseaudio: using default sink alsa_output.pci-0000_00_1f.3.analog-stereo
polybar|notice:  Loading module 'battery' of type 'internal/battery'
polybar|notice:  Loading module 'session' of type 'custom/text'
polybar|warn:  The config parameter `module/session.content` is deprecated, use `module/session.format` instead.
polybar|notice:  Loaded 7 modules
polybar|notice:  Loaded font "FiraCode Nerd Font Mono:size=12" (name=FiraCode Nerd Font Mono, offset=2, file=/usr/share/fonts/TTF/FiraCodeNerdFontMono-Regular.ttf)
polybar|notice:  Loaded font "Font Awesome:size=14" (name=Nimbus Sans, offset=4, file=/usr/share/fonts/gsfonts/NimbusSans-Regular.otf)
polybar|notice:  Loaded font "FiraCode Nerd Font Mono:size=19" (name=FiraCode Nerd Font Mono, offset=3, file=/usr/share/fonts/TTF/FiraCodeNerdFontMono-Regular.ttf)
polybar|notice:  Loaded font "FiraCode Nerd Font Mono:size=19" (name=FiraCode Nerd Font Mono, offset=2, file=/usr/share/fonts/TTF/FiraCodeNerdFontMono-Regular.ttf)
polybar|notice:  Loaded font "FiraCode Nerd Font Mono:size=12" (name=FiraCode Nerd Font Mono, offset=1, file=/usr/share/fonts/TTF/FiraCodeNerdFontMono-Regular.ttf)
polybar|notice:  Received signal(15): Terminated
polybar|notice:  Termination signal received, shutting down...
WARNING: Invalid config file at line 68: Missing '='.
WARNING: Invalid config file at line 71: Missing '='.
WARNING: Invalid config file at line 74: Missing '='.
polybar|notice:  Parsing config file: /home/akrit/.config/polybar/config.ini
WARNING: No icon found in path: 'dialog-information'
polybar|notice:  Listening for IPC messages (PID: 1525)
polybar|notice:  Loading module 'search' of type 'custom/text'
polybar|warn:  The config parameter `module/search.content` is deprecated, use `module/search.format` instead.
polybar|notice:  Loading module 'bspwm' of type 'internal/bspwm'
polybar|warn:  The config parameter `module/bspwm.label-active` is deprecated, use `module/bspwm.label-focused and label-dimmed-focused` instead.
polybar|notice:  Loading module 'date' of type 'internal/date'
polybar|notice:  Loading module 'wlan' of type 'internal/network'
polybar|notice:  Loading module 'pulseaudio' of type 'internal/pulseaudio'
polybar|notice:  pulseaudio: using default sink alsa_output.pci-0000_00_1f.3.analog-stereo
polybar|notice:  Loading module 'battery' of type 'internal/battery'
polybar|notice:  Loading module 'session' of type 'custom/text'
polybar|warn:  The config parameter `module/session.content` is deprecated, use `module/session.format` instead.
polybar|notice:  Loaded 7 modules
polybar|notice:  Loaded font "FiraCode Nerd Font Mono:size=12" (name=FiraCode Nerd Font Mono, offset=2, file=/usr/share/fonts/TTF/FiraCodeNerdFontMono-Regular.ttf)
polybar|notice:  Loaded font "Font Awesome:size=14" (name=Nimbus Sans, offset=4, file=/usr/share/fonts/gsfonts/NimbusSans-Regular.otf)
polybar|notice:  Loaded font "FiraCode Nerd Font Mono:size=19" (name=FiraCode Nerd Font Mono, offset=3, file=/usr/share/fonts/TTF/FiraCodeNerdFontMono-Regular.ttf)
polybar|notice:  Loaded font "FiraCode Nerd Font Mono:size=19" (name=FiraCode Nerd Font Mono, offset=2, file=/usr/share/fonts/TTF/FiraCodeNerdFontMono-Regular.ttf)
polybar|notice:  Loaded font "FiraCode Nerd Font Mono:size=12" (name=FiraCode Nerd Font Mono, offset=1, file=/usr/share/fonts/TTF/FiraCodeNerdFontMono-Regular.ttf)
polybar|notice:  Received signal(15): Terminated
polybar|notice:  Termination signal received, shutting down...
WARNING: Invalid config file at line 68: Missing '='.
WARNING: Invalid config file at line 71: Missing '='.
WARNING: Invalid config file at line 74: Missing '='.
WARNING: No icon found in path: 'dialog-information'
polybar|notice:  Parsing config file: /home/akrit/.config/polybar/config.ini
polybar|notice:  Listening for IPC messages (PID: 1569)
polybar|notice:  Loading module 'search' of type 'custom/text'
polybar|warn:  The config parameter `module/search.content` is deprecated, use `module/search.format` instead.
polybar|notice:  Loading module 'bspwm' of type 'internal/bspwm'
polybar|warn:  The config parameter `module/bspwm.label-active` is deprecated, use `module/bspwm.label-focused and label-dimmed-focused` instead.
polybar|notice:  Loading module 'date' of type 'internal/date'
polybar|notice:  Loading module 'wlan' of type 'internal/network'
polybar|notice:  Loading module 'pulseaudio' of type 'internal/pulseaudio'
polybar|notice:  pulseaudio: using default sink alsa_output.pci-0000_00_1f.3.analog-stereo
polybar|notice:  Loading module 'battery' of type 'internal/battery'
polybar|notice:  Loading module 'session' of type 'custom/text'
polybar|warn:  The config parameter `module/session.content` is deprecated, use `module/session.format` instead.
polybar|notice:  Loaded 7 modules
polybar|notice:  Loaded font "FiraCode Nerd Font Mono:size=12" (name=FiraCode Nerd Font Mono, offset=2, file=/usr/share/fonts/TTF/FiraCodeNerdFontMono-Regular.ttf)
polybar|notice:  Loaded font "Font Awesome:size=14" (name=Nimbus Sans, offset=4, file=/usr/share/fonts/gsfonts/NimbusSans-Regular.otf)
polybar|notice:  Loaded font "FiraCode Nerd Font Mono:size=19" (name=FiraCode Nerd Font Mono, offset=3, file=/usr/share/fonts/TTF/FiraCodeNerdFontMono-Regular.ttf)
polybar|notice:  Loaded font "FiraCode Nerd Font Mono:size=19" (name=FiraCode Nerd Font Mono, offset=2, file=/usr/share/fonts/TTF/FiraCodeNerdFontMono-Regular.ttf)
polybar|notice:  Loaded font "FiraCode Nerd Font Mono:size=12" (name=FiraCode Nerd Font Mono, offset=1, file=/usr/share/fonts/TTF/FiraCodeNerdFontMono-Regular.ttf)
polybar|notice:  Received signal(15): Terminated
polybar|notice:  Termination signal received, shutting down...
WARNING: Invalid config file at line 68: Missing '='.
WARNING: Invalid config file at line 71: Missing '='.
WARNING: Invalid config file at line 74: Missing '='.
WARNING: No icon found in path: 'dialog-information'
polybar|notice:  Parsing config file: /home/akrit/.config/polybar/config.ini
polybar|notice:  Listening for IPC messages (PID: 1642)
polybar|notice:  Loading module 'search' of type 'custom/text'
polybar|warn:  The config parameter `module/search.content` is deprecated, use `module/search.format` instead.
polybar|notice:  Loading module 'bspwm' of type 'internal/bspwm'
polybar|warn:  The config parameter `module/bspwm.label-active` is deprecated, use `module/bspwm.label-focused and label-dimmed-focused` instead.
polybar|notice:  Loading module 'date' of type 'internal/date'
polybar|notice:  Loading module 'wlan' of type 'internal/network'
polybar|notice:  Loading module 'pulseaudio' of type 'internal/pulseaudio'
polybar|notice:  pulseaudio: using default sink alsa_output.pci-0000_00_1f.3.analog-stereo
polybar|notice:  Loading module 'battery' of type 'internal/battery'
polybar|notice:  Loading module 'session' of type 'custom/text'
polybar|warn:  The config parameter `module/session.content` is deprecated, use `module/session.format` instead.
polybar|notice:  Loaded 7 modules
polybar|notice:  Loaded font "FiraCode Nerd Font Mono:size=12" (name=FiraCode Nerd Font Mono, offset=2, file=/usr/share/fonts/TTF/FiraCodeNerdFontMono-Regular.ttf)
polybar|notice:  Loaded font "Font Awesome:size=14" (name=Nimbus Sans, offset=4, file=/usr/share/fonts/gsfonts/NimbusSans-Regular.otf)
polybar|notice:  Loaded font "FiraCode Nerd Font Mono:size=19" (name=FiraCode Nerd Font Mono, offset=3, file=/usr/share/fonts/TTF/FiraCodeNerdFontMono-Regular.ttf)
polybar|notice:  Loaded font "FiraCode Nerd Font Mono:size=19" (name=FiraCode Nerd Font Mono, offset=2, file=/usr/share/fonts/TTF/FiraCodeNerdFontMono-Regular.ttf)
polybar|notice:  Loaded font "FiraCode Nerd Font Mono:size=12" (name=FiraCode Nerd Font Mono, offset=1, file=/usr/share/fonts/TTF/FiraCodeNerdFontMono-Regular.ttf)
polybar|notice:  Received signal(15): Terminated
polybar|notice:  Termination signal received, shutting down...
WARNING: Invalid config file at line 68: Missing '='.
WARNING: Invalid config file at line 71: Missing '='.
WARNING: Invalid config file at line 74: Missing '='.
WARNING: No icon found in path: 'dialog-information'
polybar|notice:  Parsing config file: /home/akrit/.config/polybar/config.ini
polybar|notice:  Listening for IPC messages (PID: 1730)
polybar|notice:  Loading module 'search' of type 'custom/text'
polybar|warn:  The config parameter `module/search.content` is deprecated, use `module/search.format` instead.
polybar|notice:  Loading module 'bspwm' of type 'internal/bspwm'
polybar|warn:  The config parameter `module/bspwm.label-active` is deprecated, use `module/bspwm.label-focused and label-dimmed-focused` instead.
polybar|notice:  Loading module 'date' of type 'internal/date'
polybar|notice:  Loading module 'wlan' of type 'internal/network'
polybar|notice:  Loading module 'pulseaudio' of type 'internal/pulseaudio'
polybar|notice:  pulseaudio: using default sink alsa_output.pci-0000_00_1f.3.analog-stereo
polybar|notice:  Loading module 'battery' of type 'internal/battery'
polybar|notice:  Loading module 'session' of type 'custom/text'
polybar|warn:  The config parameter `module/session.content` is deprecated, use `module/session.format` instead.
polybar|notice:  Loaded 7 modules
polybar|notice:  Loaded font "FiraCode Nerd Font Mono:size=12" (name=FiraCode Nerd Font Mono, offset=2, file=/usr/share/fonts/TTF/FiraCodeNerdFontMono-Regular.ttf)
polybar|notice:  Loaded font "Font Awesome:size=14" (name=Nimbus Sans, offset=4, file=/usr/share/fonts/gsfonts/NimbusSans-Regular.otf)
polybar|notice:  Loaded font "FiraCode Nerd Font Mono:size=19" (name=FiraCode Nerd Font Mono, offset=3, file=/usr/share/fonts/TTF/FiraCodeNerdFontMono-Regular.ttf)
polybar|notice:  Loaded font "FiraCode Nerd Font Mono:size=19" (name=FiraCode Nerd Font Mono, offset=2, file=/usr/share/fonts/TTF/FiraCodeNerdFontMono-Regular.ttf)
polybar|notice:  Loaded font "FiraCode Nerd Font Mono:size=12" (name=FiraCode Nerd Font Mono, offset=1, file=/usr/share/fonts/TTF/FiraCodeNerdFontMono-Regular.ttf)
polybar|notice:  Received signal(15): Terminated
polybar|notice:  Termination signal received, shutting down...
XIO:  fatal IO error 11 (Resource temporarily unavailable) on X server ":0"
      after 428 requests (428 known processed) with 0 events remaining.
